C51 COMPILER V9.54   MAIN                                                                  11/29/2019 20:24:08 PAGE 1   


C51 COMPILER V9.54, COMPILATION OF MODULE MAIN
OBJECT MODULE PLACED IN .\Objects\main.obj
COMPILER INVOKED BY: D:\DevelopmentTools\Keil\C51\BIN\C51.EXE ..\core\main.c LARGE OPTIMIZE(8,SPEED) BROWSE INCDIR(..\co
                    -re;..\modules\inc;..\system\inc) DEBUG OBJECTEXTEND PRINT(.\Listings\main.lst) OBJECT(.\Objects\main.obj)

line level    source

   1          /*
   2           * @Descripttion: 主函数
   3           * @version: 1.0
   4           * @Author: adol
   5           * @Date: 2019-11-19 12:44:51
   6           * @LastEditors: adol
   7           * @LastEditTime: 2019-11-22 21:02:40
   8           */
   9          
  10          #include "core.h"
  11          
  12          /**
  13           * @name: main();
  14           * @function: 主程序入口
  15           * @param { void }
  16           * @return: none
  17           */
  18          void main(void)
  19          {
  20   1          uart_init();
  21   1          lcd12864_init();
  22   1          while(1)
  23   1          {
  24   2              get_position_data();
  25   2              lcd12864_display();
  26   2              if (flag_gps_data_ok == 0 && flag_lcd12864_display_ok == 1)
  27   2              {
  28   3                  uart_send_string(lcd12864_display_buffer[0]);
  29   3                  uart_send_string(lcd12864_display_buffer[1]);
  30   3                  uart_send_string(lcd12864_display_buffer[2]);
  31   3                  uart_send_string(lcd12864_display_buffer[3]);
  32   3              }
  33   2          }
  34   1      }


MODULE INFORMATION:   STATIC OVERLAYABLE
   CODE SIZE        =     56    ----
   CONSTANT SIZE    =   ----    ----
   XDATA SIZE       =   ----    ----
   PDATA SIZE       =   ----    ----
   DATA SIZE        =   ----    ----
   IDATA SIZE       =   ----    ----
   BIT SIZE         =   ----    ----
END OF MODULE INFORMATION.


C51 COMPILATION COMPLETE.  0 WARNING(S),  0 ERROR(S)
